<?xml version="1.0" encoding="UTF-8"?>
<!-- Generated by org.testng.reporters.JUnitXMLReporter -->
<testsuite ignored="8" hostname="LTIN185426" failures="0" tests="50" name="Test" time="130.547" errors="0" timestamp="2024-02-23T11:27:36 IST">
  <testcase classname="testCases.TC_0001_SearchBookshelve" name="sendInSearch" time="23.873"/>
  <testcase classname="testCases.TC_0001_SearchBookshelve" name="clicksearch" time="2.353"/>
  <testcase classname="testCases.TC_0002_BookshelvesDetails" name="closePopUp" time="2.413"/>
  <testcase classname="testCases.TC_0002_BookshelvesDetails" name="scrollDown" time="0.053"/>
  <testcase classname="testCases.TC_0002_BookshelvesDetails" name="hoverCategory" time="0.172"/>
  <testcase classname="testCases.TC_0002_BookshelvesDetails" name="bookshelveCategory" time="0.13"/>
  <testcase classname="testCases.TC_0002_BookshelvesDetails" name="hoverToPrice" time="0.164"/>
  <testcase classname="testCases.TC_0002_BookshelvesDetails" name="waitPriceSlider" time="0.58"/>
  <testcase classname="testCases.TC_0002_BookshelvesDetails" name="slidePriceamount" time="8.712"/>
  <testcase classname="testCases.TC_0002_BookshelvesDetails" name="hoverSortBy" time="0.166"/>
  <testcase classname="testCases.TC_0002_BookshelvesDetails" name="sortAccToPrice" time="0.1"/>
  <testcase classname="testCases.TC_0002_BookshelvesDetails" name="inStock" time="0.113"/>
  <testcase classname="testCases.TC_0002_BookshelvesDetails" name="collectingBookShelvesList" time="31.771"/>
  <testcase classname="testCases.TC_0002_BookshelvesDetails" name="displayingBookShelves" time="0.001"/>
  <testcase classname="testCases.TC_0003_LivingMenuItems" name="scrollPageUp" time="0.052"/>
  <testcase classname="testCases.TC_0003_LivingMenuItems" name="hoverToLiving" time="0.162"/>
  <testcase classname="testCases.TC_0003_LivingMenuItems" name="waitforSubmenu" time="0.036"/>
  <testcase classname="testCases.TC_0003_LivingMenuItems" name="submenuSeatingandChairStoreInExcel" time="3.703"/>
  <testcase classname="testCases.TC_0003_LivingMenuItems" name="displaySubMenuSeatingandChair" time="1.848"/>
  <testcase classname="testCases.TC_0003_LivingMenuItems" name="scrollPage" time="0.038"/>
  <testcase classname="testCases.TC_0003_LivingMenuItems" name="clickGiftCardsButton" time="24.066"/>
  <testcase classname="testCases.TC_0004_GiftCards" name="loadTheJSONFile" time="0.015"/>
  <testcase classname="testCases.TC_0004_GiftCards" name="scrollDownToGiftsOptions" time="0.038"/>
  <testcase classname="testCases.TC_0004_GiftCards" name="selectBirthdayOrAnniversary" time="0.133"/>
  <testcase classname="testCases.TC_0004_GiftCards" name="enteringPriceAmount" time="0.129"/>
  <testcase classname="testCases.TC_0004_GiftCards" name="clickOnNextbtn" time="0.077"/>
  <testcase classname="testCases.TC_0004_GiftCards" name="enterNameofRecipient" time="0.138"/>
  <testcase classname="testCases.TC_0004_GiftCards" name="enterEmailofRecipient" time="0.138"/>
  <testcase classname="testCases.TC_0004_GiftCards" name="enterMobileofRecipient" time="0.096"/>
  <testcase classname="testCases.TC_0004_GiftCards" name="enterNameofCustomer" time="0.087"/>
  <testcase classname="testCases.TC_0004_GiftCards" name="enterEmailofCustomer" time="0.103"/>
  <testcase classname="testCases.TC_0004_GiftCards" name="enterMobileNumberofCustomer" time="0.1"/>
  <testcase classname="testCases.TC_0004_GiftCards" name="enterAddressofCustomer" time="0.097"/>
  <testcase classname="testCases.TC_0004_GiftCards" name="enterPinofCustomerPin" time="0.095"/>
  <testcase classname="testCases.TC_0004_GiftCards" name="enterMessageIfAny" time="0.128"/>
  <testcase classname="testCases.TC_0004_GiftCards" name="clickOnConfirmbtn" time="3.101"/>
  <testcase classname="testCases.TC_0004_GiftCards" name="getErrorMessage" time="0.021"/>
  <testcase classname="testCases.TC_0004_GiftCards" name="clearrecipientmail" time="0.16"/>
  <testcase classname="testCases.TC_0004_GiftCards" name="enterCorrectDeatils" time="0.146"/>
  <testcase classname="testCases.TC_0004_GiftCards" name="clickConfirmWithcorrectEmail" time="3.141"/>
  <testcase classname="testCases.TC_005_ConfirmingFormDeatils" name="confirmDetails" time="0.066"/>
  <testcase classname="testCases.TC_005_ConfirmingFormDeatils" name="confirmamountEnetered" time="0.045"/>
  <testcase classname="testCases.TC_005_ConfirmingFormDeatils" name="confirmrecipientName" time="0.067"/>
  <testcase classname="testCases.TC_005_ConfirmingFormDeatils" name="confirmrecipientEmail" time="0.063"/>
  <testcase classname="testCases.TC_005_ConfirmingFormDeatils" name="confirmrecipientMobile" time="0.069"/>
  <testcase classname="testCases.TC_005_ConfirmingFormDeatils" name="confirmcustomerName" time="0.059"/>
  <testcase classname="testCases.TC_005_ConfirmingFormDeatils" name="confirmcustomerEmail" time="0.057"/>
  <testcase classname="testCases.TC_005_ConfirmingFormDeatils" name="confirmcustomerMobile" time="0.062"/>
  <testcase classname="testCases.TC_005_ConfirmingFormDeatils" name="confirmcustomerCity" time="0.061"/>
  <testcase classname="testCases.TC_005_ConfirmingFormDeatils" name="confirmcustomerPinCode" time="0.042"/>
  <testcase classname="testBase.BaseClass" name="@BeforeTest driverSetup" time="0.0">
    <ignored/>
  </testcase> <!-- @BeforeTest driverSetup -->
  <testcase classname="testBase.BaseClass" name="@BeforeTest driverSetup" time="0.0">
    <ignored/>
  </testcase> <!-- @BeforeTest driverSetup -->
  <testcase classname="testBase.BaseClass" name="@BeforeTest driverSetup" time="0.0">
    <ignored/>
  </testcase> <!-- @BeforeTest driverSetup -->
  <testcase classname="testBase.BaseClass" name="@BeforeTest driverSetup" time="0.0">
    <ignored/>
  </testcase> <!-- @BeforeTest driverSetup -->
  <testcase classname="testBase.BaseClass" name="@AfterTest tearDown" time="0.0">
    <ignored/>
  </testcase> <!-- @AfterTest tearDown -->
  <testcase classname="testBase.BaseClass" name="@AfterTest tearDown" time="0.0">
    <ignored/>
  </testcase> <!-- @AfterTest tearDown -->
  <testcase classname="testBase.BaseClass" name="@AfterTest tearDown" time="0.0">
    <ignored/>
  </testcase> <!-- @AfterTest tearDown -->
  <testcase classname="testBase.BaseClass" name="@AfterTest tearDown" time="0.0">
    <ignored/>
  </testcase> <!-- @AfterTest tearDown -->
</testsuite> <!-- Test -->
