<?xml version="1.0" encoding="UTF-8"?>
<!-- Generated by org.testng.reporters.JUnitXMLReporter -->
<testsuite ignored="0" hostname="LTIN185426" failures="1" tests="14" name="Test" time="86.227" errors="0" timestamp="2024-02-20T22:54:19 IST">
  <testcase classname="testCases.DisplayBookshelves" name="sendInSearch" time="0.321"/>
  <testcase classname="testCases.DisplayBookshelves" name="clicksearch" time="2.365"/>
  <testcase classname="testCases.DisplayBookshelves" name="closePopUp" time="2.32"/>
  <testcase classname="testCases.DisplayBookshelves" name="scrollDown" time="0.089"/>
  <testcase classname="testCases.DisplayBookshelves" name="hoverCategory" time="0.503"/>
  <testcase classname="testCases.DisplayBookshelves" name="bookshelveCategory" time="0.173"/>
  <testcase classname="testCases.DisplayBookshelves" name="hoverToPrice" time="0.244"/>
  <testcase classname="testCases.DisplayBookshelves" name="waitPriceSlider" time="0.648"/>
  <testcase classname="testCases.DisplayBookshelves" name="slidePriceamount" time="13.675"/>
  <testcase classname="testCases.DisplayBookshelves" name="hoverSortBy" time="0.185"/>
  <testcase classname="testCases.DisplayBookshelves" name="sortAccToPrice" time="0.112"/>
  <testcase classname="testCases.DisplayBookshelves" name="inStock" time="0.131"/>
  <testcase classname="testCases.DisplayBookshelves" name="collectingBookShelvesList" time="56.972">
    <failure type="java.lang.ArrayIndexOutOfBoundsException" message="Index 30 out of bounds for length 30">
      <![CDATA[java.lang.ArrayIndexOutOfBoundsException: Index 30 out of bounds for length 30
at testCases.DisplayBookshelves.collectingBookShelvesList(DisplayBookshelves.java:95)
at java.base/java.util.ArrayList.forEach(ArrayList.java:1596)
... Removed 25 stack frames]]>
    </failure>
  </testcase> <!-- collectingBookShelvesList -->
  <testcase classname="testCases.DisplayBookshelves" name="displayingBookShelves" time="0.002"/>
</testsuite> <!-- Test -->
