<?xml version="1.0" encoding="UTF-8"?>
<!-- Generated by org.testng.reporters.JUnitXMLReporter -->
<testsuite ignored="8" hostname="LTIN185426" failures="0" tests="50" name="Test" time="104.063" errors="0" timestamp="2024-02-23T11:39:40 IST">
  <testcase classname="testCases.TC_0001_SearchBookshelve" name="sendInSearch" time="0.324"/>
  <testcase classname="testCases.TC_0001_SearchBookshelve" name="clicksearch" time="2.419"/>
  <testcase classname="testCases.TC_0002_BookshelvesDetails" name="closePopUp" time="2.43"/>
  <testcase classname="testCases.TC_0002_BookshelvesDetails" name="scrollDown" time="0.063"/>
  <testcase classname="testCases.TC_0002_BookshelvesDetails" name="hoverCategory" time="0.175"/>
  <testcase classname="testCases.TC_0002_BookshelvesDetails" name="bookshelveCategory" time="0.149"/>
  <testcase classname="testCases.TC_0002_BookshelvesDetails" name="hoverToPrice" time="0.16"/>
  <testcase classname="testCases.TC_0002_BookshelvesDetails" name="waitPriceSlider" time="0.6"/>
  <testcase classname="testCases.TC_0002_BookshelvesDetails" name="slidePriceamount" time="8.797"/>
  <testcase classname="testCases.TC_0002_BookshelvesDetails" name="hoverSortBy" time="0.182"/>
  <testcase classname="testCases.TC_0002_BookshelvesDetails" name="sortAccToPrice" time="0.141"/>
  <testcase classname="testCases.TC_0002_BookshelvesDetails" name="inStock" time="0.152"/>
  <testcase classname="testCases.TC_0002_BookshelvesDetails" name="collectingBookShelvesList" time="38.76"/>
  <testcase classname="testCases.TC_0002_BookshelvesDetails" name="displayingBookShelves" time="0.0"/>
  <testcase classname="testCases.TC_0003_LivingMenuItems" name="scrollPageUp" time="0.044"/>
  <testcase classname="testCases.TC_0003_LivingMenuItems" name="hoverToLiving" time="0.166"/>
  <testcase classname="testCases.TC_0003_LivingMenuItems" name="waitforSubmenu" time="0.036"/>
  <testcase classname="testCases.TC_0003_LivingMenuItems" name="submenuSeatingandChairStoreInExcel" time="4.055"/>
  <testcase classname="testCases.TC_0003_LivingMenuItems" name="displaySubMenuSeatingandChair" time="2.157"/>
  <testcase classname="testCases.TC_0003_LivingMenuItems" name="scrollPage" time="0.044"/>
  <testcase classname="testCases.TC_0003_LivingMenuItems" name="clickGiftCardsButton" time="5.93"/>
  <testcase classname="testCases.TC_0004_GiftCards" name="loadTheJSONFile" time="0.018"/>
  <testcase classname="testCases.TC_0004_GiftCards" name="scrollDownToGiftsOptions" time="0.031"/>
  <testcase classname="testCases.TC_0004_GiftCards" name="selectBirthdayOrAnniversary" time="0.126"/>
  <testcase classname="testCases.TC_0004_GiftCards" name="enteringPriceAmount" time="0.109"/>
  <testcase classname="testCases.TC_0004_GiftCards" name="clickOnNextbtn" time="0.096"/>
  <testcase classname="testCases.TC_0004_GiftCards" name="enterNameofRecipient" time="0.116"/>
  <testcase classname="testCases.TC_0004_GiftCards" name="enterEmailofRecipient" time="0.109"/>
  <testcase classname="testCases.TC_0004_GiftCards" name="enterMobileofRecipient" time="0.09"/>
  <testcase classname="testCases.TC_0004_GiftCards" name="enterNameofCustomer" time="0.097"/>
  <testcase classname="testCases.TC_0004_GiftCards" name="enterEmailofCustomer" time="0.108"/>
  <testcase classname="testCases.TC_0004_GiftCards" name="enterMobileNumberofCustomer" time="0.109"/>
  <testcase classname="testCases.TC_0004_GiftCards" name="enterAddressofCustomer" time="0.104"/>
  <testcase classname="testCases.TC_0004_GiftCards" name="enterPinofCustomerPin" time="0.111"/>
  <testcase classname="testCases.TC_0004_GiftCards" name="enterMessageIfAny" time="0.117"/>
  <testcase classname="testCases.TC_0004_GiftCards" name="clickOnConfirmbtn" time="3.157"/>
  <testcase classname="testCases.TC_0004_GiftCards" name="getErrorMessage" time="0.022"/>
  <testcase classname="testCases.TC_0004_GiftCards" name="clearrecipientmail" time="0.203"/>
  <testcase classname="testCases.TC_0004_GiftCards" name="enterCorrectDeatils" time="0.165"/>
  <testcase classname="testCases.TC_0004_GiftCards" name="clickConfirmWithcorrectEmail" time="3.144"/>
  <testcase classname="testCases.TC_005_ConfirmingFormDeatils" name="confirmDetails" time="0.055"/>
  <testcase classname="testCases.TC_005_ConfirmingFormDeatils" name="confirmamountEnetered" time="0.053"/>
  <testcase classname="testCases.TC_005_ConfirmingFormDeatils" name="confirmrecipientName" time="0.079"/>
  <testcase classname="testCases.TC_005_ConfirmingFormDeatils" name="confirmrecipientEmail" time="0.076"/>
  <testcase classname="testCases.TC_005_ConfirmingFormDeatils" name="confirmrecipientMobile" time="0.081"/>
  <testcase classname="testCases.TC_005_ConfirmingFormDeatils" name="confirmcustomerName" time="0.083"/>
  <testcase classname="testCases.TC_005_ConfirmingFormDeatils" name="confirmcustomerEmail" time="0.086"/>
  <testcase classname="testCases.TC_005_ConfirmingFormDeatils" name="confirmcustomerMobile" time="0.064"/>
  <testcase classname="testCases.TC_005_ConfirmingFormDeatils" name="confirmcustomerCity" time="0.073"/>
  <testcase classname="testCases.TC_005_ConfirmingFormDeatils" name="confirmcustomerPinCode" time="0.051"/>
  <testcase classname="testBase.BaseClass" name="@BeforeTest driverSetup" time="0.0">
    <ignored/>
  </testcase> <!-- @BeforeTest driverSetup -->
  <testcase classname="testBase.BaseClass" name="@BeforeTest driverSetup" time="0.0">
    <ignored/>
  </testcase> <!-- @BeforeTest driverSetup -->
  <testcase classname="testBase.BaseClass" name="@BeforeTest driverSetup" time="0.0">
    <ignored/>
  </testcase> <!-- @BeforeTest driverSetup -->
  <testcase classname="testBase.BaseClass" name="@AfterTest tearDown" time="0.0">
    <ignored/>
  </testcase> <!-- @AfterTest tearDown -->
  <testcase classname="testBase.BaseClass" name="@BeforeTest driverSetup" time="0.0">
    <ignored/>
  </testcase> <!-- @BeforeTest driverSetup -->
  <testcase classname="testBase.BaseClass" name="@AfterTest tearDown" time="0.0">
    <ignored/>
  </testcase> <!-- @AfterTest tearDown -->
  <testcase classname="testBase.BaseClass" name="@AfterTest tearDown" time="0.0">
    <ignored/>
  </testcase> <!-- @AfterTest tearDown -->
  <testcase classname="testBase.BaseClass" name="@AfterTest tearDown" time="0.0">
    <ignored/>
  </testcase> <!-- @AfterTest tearDown -->
</testsuite> <!-- Test -->
