<?xml version="1.0" encoding="UTF-8"?>
<testsuite xmlns:xsi="http://www.w3.org/2001/XMLSchema-instance" xsi:noNamespaceSchemaLocation="https://maven.apache.org/surefire/maven-surefire-plugin/xsd/surefire-test-report-3.0.xsd" version="3.0" name="TestSuite" time="112.403" tests="50" errors="0" skipped="0" failures="0">
  <properties>
[...]
</properties>
  <testcase name="sendInSearch" classname="testCases.TC_0001_SearchBookshelve" time="1.114">
    <system-err><![CDATA[SLF4J(W): No SLF4J providers were found.
SLF4J(W): Defaulting to no-operation (NOP) logger implementation
SLF4J(W): See https://www.slf4j.org/codes.html#noProviders for further details.
]]></system-err>
  </testcase>
  <testcase name="clicksearch" classname="testCases.TC_0001_SearchBookshelve" time="2.756"/>
  <testcase name="closePopUp" classname="testCases.TC_0002_BookshelvesDetails" time="2.883"/>
  <testcase name="scrollDown" classname="testCases.TC_0002_BookshelvesDetails" time="0.404"/>
  <testcase name="hoverCategory" classname="testCases.TC_0002_BookshelvesDetails" time="0.46"/>
  <testcase name="bookshelveCategory" classname="testCases.TC_0002_BookshelvesDetails" time="0.388"/>
  <testcase name="hoverToPrice" classname="testCases.TC_0002_BookshelvesDetails" time="0.414"/>
  <testcase name="waitPriceSlider" classname="testCases.TC_0002_BookshelvesDetails" time="0.94"/>
  <testcase name="slidePriceamount" classname="testCases.TC_0002_BookshelvesDetails" time="9.116">
    <system-out><![CDATA[The Current position of the Max slider is(576, 402)
The Current position of the Max slider is(364, 431)
]]></system-out>
  </testcase>
  <testcase name="hoverSortBy" classname="testCases.TC_0002_BookshelvesDetails" time="0.557"/>
  <testcase name="sortAccToPrice" classname="testCases.TC_0002_BookshelvesDetails" time="0.44"/>
  <testcase name="inStock" classname="testCases.TC_0002_BookshelvesDetails" time="0.393"/>
  <testcase name="collectingBookShelvesList" classname="testCases.TC_0002_BookshelvesDetails" time="39.128"/>
  <testcase name="displayingBookShelves" classname="testCases.TC_0002_BookshelvesDetails" time="0.326">
    <system-out><![CDATA[The Bookshelevs under 15000:-
Rhodes Solid Wood Bookshelf In Mahogany Finish - Rs.14755
Rhodes Solid Wood Bookshelf In Teak Finish - Rs.14755
Theodore Engineered Wood Bookshelf In Rustic Walnut Finish - Rs.12814
]]></system-out>
  </testcase>
  <testcase name="scrollPageUp" classname="testCases.TC_0003_LivingMenuItems" time="0.304"/>
  <testcase name="hoverToLiving" classname="testCases.TC_0003_LivingMenuItems" time="0.432"/>
  <testcase name="waitforSubmenu" classname="testCases.TC_0003_LivingMenuItems" time="0.31"/>
  <testcase name="submenuSeatingandChairStoreInExcel" classname="testCases.TC_0003_LivingMenuItems" time="4.279"/>
  <testcase name="displaySubMenuSeatingandChair" classname="testCases.TC_0003_LivingMenuItems" time="2.403">
    <system-out><![CDATA[The submenu items under Seating and Chaires:
Lounge Chairs
Accent Chairs
Recliners
Sofa Cum Bed
UL Assured Picks
Ottomans & Stools
Bean Bags
Benches
Bar Stools
Rocking Chairs
Gaming Chairs
]]></system-out>
  </testcase>
  <testcase name="scrollPage" classname="testCases.TC_0003_LivingMenuItems" time="0.319"/>
  <testcase name="clickGiftCardsButton" classname="testCases.TC_0003_LivingMenuItems" time="6.545"/>
  <testcase name="loadTheJSONFile" classname="testCases.TC_0004_GiftCards" time="0.587"/>
  <testcase name="scrollDownToGiftsOptions" classname="testCases.TC_0004_GiftCards" time="0.274"/>
  <testcase name="selectBirthdayOrAnniversary" classname="testCases.TC_0004_GiftCards" time="0.442"/>
  <testcase name="enteringPriceAmount" classname="testCases.TC_0004_GiftCards" time="0.483"/>
  <testcase name="clickOnNextbtn" classname="testCases.TC_0004_GiftCards" time="0.433"/>
  <testcase name="enterNameofRecipient" classname="testCases.TC_0004_GiftCards" time="0.302"/>
  <testcase name="enterEmailofRecipient" classname="testCases.TC_0004_GiftCards" time="0.296"/>
  <testcase name="enterMobileofRecipient" classname="testCases.TC_0004_GiftCards" time="0.245"/>
  <testcase name="enterNameofCustomer" classname="testCases.TC_0004_GiftCards" time="0.246"/>
  <testcase name="enterEmailofCustomer" classname="testCases.TC_0004_GiftCards" time="0.295"/>
  <testcase name="enterMobileNumberofCustomer" classname="testCases.TC_0004_GiftCards" time="0.313"/>
  <testcase name="enterAddressofCustomer" classname="testCases.TC_0004_GiftCards" time="0.267"/>
  <testcase name="enterPinofCustomerPin" classname="testCases.TC_0004_GiftCards" time="0.315"/>
  <testcase name="enterMessageIfAny" classname="testCases.TC_0004_GiftCards" time="0.352"/>
  <testcase name="clickOnConfirmbtn" classname="testCases.TC_0004_GiftCards" time="3.384"/>
  <testcase name="getErrorMessage" classname="testCases.TC_0004_GiftCards" time="0.261">
    <system-out><![CDATA[The Error message got while filling details:-
Please include an '@' in the email address. 'rishabh' is missing an '@'.
]]></system-out>
  </testcase>
  <testcase name="clearrecipientmail" classname="testCases.TC_0004_GiftCards" time="0.459"/>
  <testcase name="enterCorrectDeatils" classname="testCases.TC_0004_GiftCards" time="0.38"/>
  <testcase name="clickConfirmWithcorrectEmail" classname="testCases.TC_0004_GiftCards" time="3.573"/>
  <testcase name="confirmDetails" classname="testCases.TC_005_ConfirmingFormDeatils" time="0.478">
    <system-out><![CDATA[Successfully submitted Details and now on verify Details Page:
]]></system-out>
  </testcase>
  <testcase name="confirmamountEnetered" classname="testCases.TC_005_ConfirmingFormDeatils" time="0.427">
    <system-out><![CDATA[10000
amount matched:10000
]]></system-out>
  </testcase>
  <testcase name="confirmrecipientName" classname="testCases.TC_005_ConfirmingFormDeatils" time="0.534">
    <system-out><![CDATA[Rishabh
]]></system-out>
  </testcase>
  <testcase name="confirmrecipientEmail" classname="testCases.TC_005_ConfirmingFormDeatils" time="0.565">
    <system-out><![CDATA[rishabh@gmail.com
]]></system-out>
  </testcase>
  <testcase name="confirmrecipientMobile" classname="testCases.TC_005_ConfirmingFormDeatils" time="0.544">
    <system-out><![CDATA[9876543210
]]></system-out>
  </testcase>
  <testcase name="confirmcustomerName" classname="testCases.TC_005_ConfirmingFormDeatils" time="0.574">
    <system-out><![CDATA[Satyam
]]></system-out>
  </testcase>
  <testcase name="confirmcustomerEmail" classname="testCases.TC_005_ConfirmingFormDeatils" time="0.557">
    <system-out><![CDATA[rishabh@gmail.com
]]></system-out>
  </testcase>
  <testcase name="confirmcustomerMobile" classname="testCases.TC_005_ConfirmingFormDeatils" time="0.46">
    <system-out><![CDATA[9876543210
]]></system-out>
  </testcase>
  <testcase name="confirmcustomerCity" classname="testCases.TC_005_ConfirmingFormDeatils" time="0.499">
    <system-out><![CDATA[New Delhi
]]></system-out>
  </testcase>
  <testcase name="confirmcustomerPinCode" classname="testCases.TC_005_ConfirmingFormDeatils" time="0.462">
    <system-out><![CDATA[110059
]]></system-out>
  </testcase>
</testsuite>