<?xml version="1.0" encoding="UTF-8"?>
<testng-results ignored="8" total="58" passed="49" failed="1" skipped="0">
  <reporter-output>
  </reporter-output>
  <suite started-at="2024-02-23T11:02:21 IST" name="Suite" finished-at="2024-02-23T11:05:01 IST" duration-ms="160422">
    <groups>
    </groups>
    <test started-at="2024-02-23T11:02:21 IST" name="Test" finished-at="2024-02-23T11:05:01 IST" duration-ms="160422">
      <class name="testCases.TC_0004_GiftCards">
        <test-method signature="loadTheJSONFile()[pri:22, instance:testCases.TC_0004_GiftCards@1530c739]" started-at="2024-02-23T11:04:42 IST" name="loadTheJSONFile" finished-at="2024-02-23T11:04:42 IST" duration-ms="40" status="PASS">
          <reporter-output>
          </reporter-output>
        </test-method> <!-- loadTheJSONFile -->
        <test-method signature="scrollDownToGiftsOptions()[pri:23, instance:testCases.TC_0004_GiftCards@1530c739]" started-at="2024-02-23T11:04:43 IST" name="scrollDownToGiftsOptions" finished-at="2024-02-23T11:04:43 IST" duration-ms="38" status="PASS">
          <reporter-output>
          </reporter-output>
        </test-method> <!-- scrollDownToGiftsOptions -->
        <test-method signature="selectBirthdayOrAnniversary()[pri:24, instance:testCases.TC_0004_GiftCards@1530c739]" started-at="2024-02-23T11:04:43 IST" name="selectBirthdayOrAnniversary" finished-at="2024-02-23T11:04:43 IST" duration-ms="114" status="PASS">
          <reporter-output>
          </reporter-output>
        </test-method> <!-- selectBirthdayOrAnniversary -->
        <test-method signature="enteringPriceAmount()[pri:25, instance:testCases.TC_0004_GiftCards@1530c739]" started-at="2024-02-23T11:04:44 IST" name="enteringPriceAmount" finished-at="2024-02-23T11:04:44 IST" duration-ms="120" status="PASS">
          <reporter-output>
          </reporter-output>
        </test-method> <!-- enteringPriceAmount -->
        <test-method signature="clickOnNextbtn()[pri:26, instance:testCases.TC_0004_GiftCards@1530c739]" started-at="2024-02-23T11:04:44 IST" name="clickOnNextbtn" finished-at="2024-02-23T11:04:44 IST" duration-ms="89" status="PASS">
          <reporter-output>
          </reporter-output>
        </test-method> <!-- clickOnNextbtn -->
        <test-method signature="enterNameofRecipient()[pri:27, instance:testCases.TC_0004_GiftCards@1530c739]" started-at="2024-02-23T11:04:45 IST" name="enterNameofRecipient" finished-at="2024-02-23T11:04:45 IST" duration-ms="153" status="PASS">
          <reporter-output>
          </reporter-output>
        </test-method> <!-- enterNameofRecipient -->
        <test-method signature="enterEmailofRecipient()[pri:28, instance:testCases.TC_0004_GiftCards@1530c739]" started-at="2024-02-23T11:04:45 IST" name="enterEmailofRecipient" finished-at="2024-02-23T11:04:45 IST" duration-ms="124" status="PASS">
          <reporter-output>
          </reporter-output>
        </test-method> <!-- enterEmailofRecipient -->
        <test-method signature="enterMobileofRecipient()[pri:29, instance:testCases.TC_0004_GiftCards@1530c739]" started-at="2024-02-23T11:04:45 IST" name="enterMobileofRecipient" finished-at="2024-02-23T11:04:45 IST" duration-ms="104" status="PASS">
          <reporter-output>
          </reporter-output>
        </test-method> <!-- enterMobileofRecipient -->
        <test-method signature="enterNameofCustomer()[pri:30, instance:testCases.TC_0004_GiftCards@1530c739]" started-at="2024-02-23T11:04:46 IST" name="enterNameofCustomer" finished-at="2024-02-23T11:04:46 IST" duration-ms="110" status="PASS">
          <reporter-output>
          </reporter-output>
        </test-method> <!-- enterNameofCustomer -->
        <test-method signature="enterEmailofCustomer()[pri:31, instance:testCases.TC_0004_GiftCards@1530c739]" started-at="2024-02-23T11:04:46 IST" name="enterEmailofCustomer" finished-at="2024-02-23T11:04:46 IST" duration-ms="135" status="PASS">
          <reporter-output>
          </reporter-output>
        </test-method> <!-- enterEmailofCustomer -->
        <test-method signature="enterMobileNumberofCustomer()[pri:32, instance:testCases.TC_0004_GiftCards@1530c739]" started-at="2024-02-23T11:04:46 IST" name="enterMobileNumberofCustomer" finished-at="2024-02-23T11:04:46 IST" duration-ms="111" status="PASS">
          <reporter-output>
          </reporter-output>
        </test-method> <!-- enterMobileNumberofCustomer -->
        <test-method signature="enterAddressofCustomer()[pri:33, instance:testCases.TC_0004_GiftCards@1530c739]" started-at="2024-02-23T11:04:47 IST" name="enterAddressofCustomer" finished-at="2024-02-23T11:04:47 IST" duration-ms="113" status="PASS">
          <reporter-output>
          </reporter-output>
        </test-method> <!-- enterAddressofCustomer -->
        <test-method signature="enterPinofCustomerPin()[pri:34, instance:testCases.TC_0004_GiftCards@1530c739]" started-at="2024-02-23T11:04:47 IST" name="enterPinofCustomerPin" finished-at="2024-02-23T11:04:47 IST" duration-ms="133" status="PASS">
          <reporter-output>
          </reporter-output>
        </test-method> <!-- enterPinofCustomerPin -->
        <test-method signature="enterMessageIfAny()[pri:35, instance:testCases.TC_0004_GiftCards@1530c739]" started-at="2024-02-23T11:04:47 IST" name="enterMessageIfAny" finished-at="2024-02-23T11:04:47 IST" duration-ms="122" status="PASS">
          <reporter-output>
          </reporter-output>
        </test-method> <!-- enterMessageIfAny -->
        <test-method signature="clickOnConfirmbtn()[pri:36, instance:testCases.TC_0004_GiftCards@1530c739]" started-at="2024-02-23T11:04:48 IST" name="clickOnConfirmbtn" finished-at="2024-02-23T11:04:51 IST" duration-ms="3158" status="PASS">
          <reporter-output>
          </reporter-output>
        </test-method> <!-- clickOnConfirmbtn -->
        <test-method signature="getErrorMessage()[pri:37, instance:testCases.TC_0004_GiftCards@1530c739]" started-at="2024-02-23T11:04:51 IST" name="getErrorMessage" finished-at="2024-02-23T11:04:51 IST" duration-ms="21" status="PASS">
          <reporter-output>
          </reporter-output>
        </test-method> <!-- getErrorMessage -->
        <test-method signature="clearrecipientmail()[pri:38, instance:testCases.TC_0004_GiftCards@1530c739]" started-at="2024-02-23T11:04:51 IST" name="clearrecipientmail" finished-at="2024-02-23T11:04:52 IST" duration-ms="214" status="PASS">
          <reporter-output>
          </reporter-output>
        </test-method> <!-- clearrecipientmail -->
        <test-method signature="enterCorrectDeatils()[pri:39, instance:testCases.TC_0004_GiftCards@1530c739]" started-at="2024-02-23T11:04:52 IST" name="enterCorrectDeatils" finished-at="2024-02-23T11:04:52 IST" duration-ms="124" status="PASS">
          <reporter-output>
          </reporter-output>
        </test-method> <!-- enterCorrectDeatils -->
        <test-method signature="clickConfirmWithcorrectEmail()[pri:40, instance:testCases.TC_0004_GiftCards@1530c739]" started-at="2024-02-23T11:04:52 IST" name="clickConfirmWithcorrectEmail" finished-at="2024-02-23T11:04:55 IST" duration-ms="3114" status="PASS">
          <reporter-output>
          </reporter-output>
        </test-method> <!-- clickConfirmWithcorrectEmail -->
      </class> <!-- testCases.TC_0004_GiftCards -->
      <class name="testCases.TC_0001_SearchBookshelve">
        <test-method is-config="true" signature="driverSetup(java.lang.String)[pri:0, instance:testCases.TC_0001_SearchBookshelve@1ed4ae0f]" started-at="2024-02-23T11:02:21 IST" name="driverSetup" finished-at="2024-02-23T11:02:45 IST" duration-ms="23125" status="PASS">
          <params>
            <param index="0">
              <value>
                <![CDATA[chrome]]>
              </value>
            </param>
          </params>
          <reporter-output>
          </reporter-output>
        </test-method> <!-- driverSetup -->
        <test-method signature="sendInSearch()[pri:1, instance:testCases.TC_0001_SearchBookshelve@1ed4ae0f]" started-at="2024-02-23T11:02:45 IST" name="sendInSearch" finished-at="2024-02-23T11:02:59 IST" duration-ms="14292" status="PASS">
          <reporter-output>
          </reporter-output>
        </test-method> <!-- sendInSearch -->
        <test-method signature="clicksearch()[pri:2, instance:testCases.TC_0001_SearchBookshelve@1ed4ae0f]" started-at="2024-02-23T11:03:00 IST" name="clicksearch" finished-at="2024-02-23T11:03:02 IST" duration-ms="2317" status="PASS">
          <reporter-output>
          </reporter-output>
        </test-method> <!-- clicksearch -->
        <test-method is-config="true" signature="tearDown()[pri:0, instance:testCases.TC_0001_SearchBookshelve@1ed4ae0f]" started-at="2024-02-23T11:05:00 IST" name="tearDown" finished-at="2024-02-23T11:05:01 IST" duration-ms="1161" status="PASS">
          <reporter-output>
          </reporter-output>
        </test-method> <!-- tearDown -->
      </class> <!-- testCases.TC_0001_SearchBookshelve -->
      <class name="testCases.TC_0003_LivingMenuItems">
        <test-method signature="scrollPageUp()[pri:15, instance:testCases.TC_0003_LivingMenuItems@449a4f23]" started-at="2024-02-23T11:04:09 IST" name="scrollPageUp" finished-at="2024-02-23T11:04:09 IST" duration-ms="107" status="PASS">
          <reporter-output>
          </reporter-output>
        </test-method> <!-- scrollPageUp -->
        <test-method signature="hoverToLiving()[pri:16, instance:testCases.TC_0003_LivingMenuItems@449a4f23]" started-at="2024-02-23T11:04:09 IST" name="hoverToLiving" finished-at="2024-02-23T11:04:09 IST" duration-ms="182" status="PASS">
          <reporter-output>
          </reporter-output>
        </test-method> <!-- hoverToLiving -->
        <test-method signature="waitforSubmenu()[pri:17, instance:testCases.TC_0003_LivingMenuItems@449a4f23]" started-at="2024-02-23T11:04:10 IST" name="waitforSubmenu" finished-at="2024-02-23T11:04:10 IST" duration-ms="47" status="PASS">
          <reporter-output>
          </reporter-output>
        </test-method> <!-- waitforSubmenu -->
        <test-method signature="submenuSeatingandChairStoreInExcel()[pri:18, instance:testCases.TC_0003_LivingMenuItems@449a4f23]" started-at="2024-02-23T11:04:10 IST" name="submenuSeatingandChairStoreInExcel" finished-at="2024-02-23T11:04:15 IST" duration-ms="5148" status="PASS">
          <reporter-output>
          </reporter-output>
        </test-method> <!-- submenuSeatingandChairStoreInExcel -->
        <test-method signature="displaySubMenuSeatingandChair()[pri:19, instance:testCases.TC_0003_LivingMenuItems@449a4f23]" started-at="2024-02-23T11:04:15 IST" name="displaySubMenuSeatingandChair" finished-at="2024-02-23T11:04:17 IST" duration-ms="2005" status="PASS">
          <reporter-output>
          </reporter-output>
        </test-method> <!-- displaySubMenuSeatingandChair -->
        <test-method signature="scrollPage()[pri:20, instance:testCases.TC_0003_LivingMenuItems@449a4f23]" started-at="2024-02-23T11:04:18 IST" name="scrollPage" finished-at="2024-02-23T11:04:18 IST" duration-ms="44" status="PASS">
          <reporter-output>
          </reporter-output>
        </test-method> <!-- scrollPage -->
        <test-method signature="clickGiftCardsButton()[pri:21, instance:testCases.TC_0003_LivingMenuItems@449a4f23]" started-at="2024-02-23T11:04:18 IST" name="clickGiftCardsButton" finished-at="2024-02-23T11:04:42 IST" duration-ms="23840" status="PASS">
          <reporter-output>
          </reporter-output>
        </test-method> <!-- clickGiftCardsButton -->
      </class> <!-- testCases.TC_0003_LivingMenuItems -->
      <class name="testCases.TC_005_ConfirmingFormDeatils">
        <test-method signature="confirmDetails()[pri:41, instance:testCases.TC_005_ConfirmingFormDeatils@5b1669c0]" started-at="2024-02-23T11:04:56 IST" name="confirmDetails" finished-at="2024-02-23T11:04:56 IST" duration-ms="71" status="PASS">
          <reporter-output>
          </reporter-output>
        </test-method> <!-- confirmDetails -->
        <test-method signature="confirmamountEnetered()[pri:42, instance:testCases.TC_005_ConfirmingFormDeatils@5b1669c0]" started-at="2024-02-23T11:04:56 IST" name="confirmamountEnetered" finished-at="2024-02-23T11:04:56 IST" duration-ms="23" status="FAIL">
          <exception class="org.openqa.selenium.InvalidSelectorException">
            <message>
              <![CDATA[invalid selector: The result of the xpath expression "//div[@class="BCLqs"]//text()[3]" is: [object Text]. It should be an element.
  (Session info: chrome=121.0.6167.140)
For documentation on this error, please visit: https://www.selenium.dev/documentation/webdriver/troubleshooting/errors#invalid-selector-exception
Build info: version: '4.17.0', revision: 'e52b1be057*'
System info: os.name: 'Windows 11', os.arch: 'amd64', os.version: '10.0', java.version: '21.0.2'
Driver info: org.openqa.selenium.chrome.ChromeDriver
Command: [7c2b16f11a5e90d75a05f798c16fc5f3, findElement {using=xpath, value=//div[@class="BCLqs"]//text()[3]}]
Capabilities {acceptInsecureCerts: false, browserName: chrome, browserVersion: 121.0.6167.140, chrome: {chromedriverVersion: 121.0.6167.184 (057a8ae7deb..., userDataDir: C:\Windows\SystemTemp\scope...}, fedcm:accounts: true, goog:chromeOptions: {debuggerAddress: localhost:59151}, networkConnectionEnabled: false, pageLoadStrategy: normal, platformName: windows, proxy: Proxy(), se:cdp: ws://localhost:59151/devtoo..., se:cdpVersion: 121.0.6167.140, setWindowRect: true, strictFileInteractability: false, timeouts: {implicit: 0, pageLoad: 300000, script: 30000}, unhandledPromptBehavior: dismiss and notify, webauthn:extension:credBlob: true, webauthn:extension:largeBlob: true, webauthn:extension:minPinLength: true, webauthn:extension:prf: true, webauthn:virtualAuthenticators: true}
Session ID: 7c2b16f11a5e90d75a05f798c16fc5f3]]>
            </message>
            <full-stacktrace>
              <![CDATA[org.openqa.selenium.InvalidSelectorException: invalid selector: The result of the xpath expression "//div[@class="BCLqs"]//text()[3]" is: [object Text]. It should be an element.
  (Session info: chrome=121.0.6167.140)
For documentation on this error, please visit: https://www.selenium.dev/documentation/webdriver/troubleshooting/errors#invalid-selector-exception
Build info: version: '4.17.0', revision: 'e52b1be057*'
System info: os.name: 'Windows 11', os.arch: 'amd64', os.version: '10.0', java.version: '21.0.2'
Driver info: org.openqa.selenium.chrome.ChromeDriver
Command: [7c2b16f11a5e90d75a05f798c16fc5f3, findElement {using=xpath, value=//div[@class="BCLqs"]//text()[3]}]
Capabilities {acceptInsecureCerts: false, browserName: chrome, browserVersion: 121.0.6167.140, chrome: {chromedriverVersion: 121.0.6167.184 (057a8ae7deb..., userDataDir: C:\Windows\SystemTemp\scope...}, fedcm:accounts: true, goog:chromeOptions: {debuggerAddress: localhost:59151}, networkConnectionEnabled: false, pageLoadStrategy: normal, platformName: windows, proxy: Proxy(), se:cdp: ws://localhost:59151/devtoo..., se:cdpVersion: 121.0.6167.140, setWindowRect: true, strictFileInteractability: false, timeouts: {implicit: 0, pageLoad: 300000, script: 30000}, unhandledPromptBehavior: dismiss and notify, webauthn:extension:credBlob: true, webauthn:extension:largeBlob: true, webauthn:extension:minPinLength: true, webauthn:extension:prf: true, webauthn:virtualAuthenticators: true}
Session ID: 7c2b16f11a5e90d75a05f798c16fc5f3
at java.base/jdk.internal.reflect.DirectConstructorHandleAccessor.newInstance(DirectConstructorHandleAccessor.java:62)
at java.base/java.lang.reflect.Constructor.newInstanceWithCaller(Constructor.java:502)
at java.base/java.lang.reflect.Constructor.newInstance(Constructor.java:486)
at org.openqa.selenium.remote.codec.w3c.W3CHttpResponseCodec.createException(W3CHttpResponseCodec.java:185)
at org.openqa.selenium.remote.codec.w3c.W3CHttpResponseCodec.decode(W3CHttpResponseCodec.java:134)
at org.openqa.selenium.remote.codec.w3c.W3CHttpResponseCodec.decode(W3CHttpResponseCodec.java:51)
at org.openqa.selenium.remote.HttpCommandExecutor.execute(HttpCommandExecutor.java:190)
at org.openqa.selenium.remote.service.DriverCommandExecutor.invokeExecute(DriverCommandExecutor.java:216)
at org.openqa.selenium.remote.service.DriverCommandExecutor.execute(DriverCommandExecutor.java:174)
at org.openqa.selenium.remote.RemoteWebDriver.execute(RemoteWebDriver.java:519)
at org.openqa.selenium.remote.ElementLocation$ElementFinder$2.findElement(ElementLocation.java:165)
at org.openqa.selenium.remote.ElementLocation.findElement(ElementLocation.java:59)
at org.openqa.selenium.remote.RemoteWebDriver.findElement(RemoteWebDriver.java:356)
at org.openqa.selenium.remote.RemoteWebDriver.findElement(RemoteWebDriver.java:350)
at org.openqa.selenium.support.pagefactory.DefaultElementLocator.findElement(DefaultElementLocator.java:68)
at org.openqa.selenium.support.pagefactory.internal.LocatingElementHandler.invoke(LocatingElementHandler.java:38)
at jdk.proxy2/jdk.proxy2.$Proxy15.isDisplayed(Unknown Source)
at org.openqa.selenium.support.ui.ExpectedConditions$9.apply(ExpectedConditions.java:264)
at org.openqa.selenium.support.ui.ExpectedConditions$9.apply(ExpectedConditions.java:260)
at org.openqa.selenium.support.ui.FluentWait.until(FluentWait.java:203)
at testBase.BaseClass.ExplicitlyWait(BaseClass.java:84)
at pageObjects.SubmittedFormDetailsPage.amountEnetered(SubmittedFormDetailsPage.java:62)
at testCases.TC_005_ConfirmingFormDeatils.confirmamountEnetered(TC_005_ConfirmingFormDeatils.java:36)
at java.base/jdk.internal.reflect.DirectMethodHandleAccessor.invoke(DirectMethodHandleAccessor.java:103)
at java.base/java.lang.reflect.Method.invoke(Method.java:580)
at org.testng.internal.MethodInvocationHelper.invokeMethod(MethodInvocationHelper.java:133)
at org.testng.internal.TestInvoker.invokeMethod(TestInvoker.java:598)
at org.testng.internal.TestInvoker.invokeTestMethod(TestInvoker.java:173)
at org.testng.internal.MethodRunner.runInSequence(MethodRunner.java:46)
at org.testng.internal.TestInvoker$MethodInvocationAgent.invoke(TestInvoker.java:824)
at org.testng.internal.TestInvoker.invokeTestMethods(TestInvoker.java:146)
at org.testng.internal.TestMethodWorker.invokeTestMethods(TestMethodWorker.java:146)
at org.testng.internal.TestMethodWorker.run(TestMethodWorker.java:128)
at java.base/java.util.ArrayList.forEach(ArrayList.java:1596)
at org.testng.TestRunner.privateRun(TestRunner.java:794)
at org.testng.TestRunner.run(TestRunner.java:596)
at org.testng.SuiteRunner.runTest(SuiteRunner.java:377)
at org.testng.SuiteRunner.runSequentially(SuiteRunner.java:371)
at org.testng.SuiteRunner.privateRun(SuiteRunner.java:332)
at org.testng.SuiteRunner.run(SuiteRunner.java:276)
at org.testng.SuiteRunnerWorker.runSuite(SuiteRunnerWorker.java:53)
at org.testng.SuiteRunnerWorker.run(SuiteRunnerWorker.java:96)
at org.testng.TestNG.runSuitesSequentially(TestNG.java:1212)
at org.testng.TestNG.runSuitesLocally(TestNG.java:1134)
at org.testng.TestNG.runSuites(TestNG.java:1063)
at org.testng.TestNG.run(TestNG.java:1031)
at org.testng.remote.AbstractRemoteTestNG.run(AbstractRemoteTestNG.java:115)
at org.testng.remote.RemoteTestNG.initAndRun(RemoteTestNG.java:251)
at org.testng.remote.RemoteTestNG.main(RemoteTestNG.java:77)
]]>
            </full-stacktrace>
          </exception> <!-- org.openqa.selenium.InvalidSelectorException -->
          <reporter-output>
          </reporter-output>
        </test-method> <!-- confirmamountEnetered -->
        <test-method signature="confirmrecipientName()[pri:43, instance:testCases.TC_005_ConfirmingFormDeatils@5b1669c0]" started-at="2024-02-23T11:04:56 IST" name="confirmrecipientName" finished-at="2024-02-23T11:04:56 IST" duration-ms="70" status="PASS">
          <reporter-output>
          </reporter-output>
        </test-method> <!-- confirmrecipientName -->
        <test-method signature="confirmrecipientEmail()[pri:44, instance:testCases.TC_005_ConfirmingFormDeatils@5b1669c0]" started-at="2024-02-23T11:04:57 IST" name="confirmrecipientEmail" finished-at="2024-02-23T11:04:57 IST" duration-ms="56" status="PASS">
          <reporter-output>
          </reporter-output>
        </test-method> <!-- confirmrecipientEmail -->
        <test-method signature="confirmrecipientMobile()[pri:45, instance:testCases.TC_005_ConfirmingFormDeatils@5b1669c0]" started-at="2024-02-23T11:04:57 IST" name="confirmrecipientMobile" finished-at="2024-02-23T11:04:57 IST" duration-ms="60" status="PASS">
          <reporter-output>
          </reporter-output>
        </test-method> <!-- confirmrecipientMobile -->
        <test-method signature="confirmcustomerName()[pri:46, instance:testCases.TC_005_ConfirmingFormDeatils@5b1669c0]" started-at="2024-02-23T11:04:58 IST" name="confirmcustomerName" finished-at="2024-02-23T11:04:58 IST" duration-ms="63" status="PASS">
          <reporter-output>
          </reporter-output>
        </test-method> <!-- confirmcustomerName -->
        <test-method signature="confirmcustomerEmail()[pri:47, instance:testCases.TC_005_ConfirmingFormDeatils@5b1669c0]" started-at="2024-02-23T11:04:58 IST" name="confirmcustomerEmail" finished-at="2024-02-23T11:04:58 IST" duration-ms="83" status="PASS">
          <reporter-output>
          </reporter-output>
        </test-method> <!-- confirmcustomerEmail -->
        <test-method signature="confirmcustomerMobile()[pri:48, instance:testCases.TC_005_ConfirmingFormDeatils@5b1669c0]" started-at="2024-02-23T11:04:59 IST" name="confirmcustomerMobile" finished-at="2024-02-23T11:04:59 IST" duration-ms="86" status="PASS">
          <reporter-output>
          </reporter-output>
        </test-method> <!-- confirmcustomerMobile -->
        <test-method signature="confirmcustomerCity()[pri:49, instance:testCases.TC_005_ConfirmingFormDeatils@5b1669c0]" started-at="2024-02-23T11:04:59 IST" name="confirmcustomerCity" finished-at="2024-02-23T11:04:59 IST" duration-ms="74" status="PASS">
          <reporter-output>
          </reporter-output>
        </test-method> <!-- confirmcustomerCity -->
        <test-method signature="confirmcustomerPinCode()[pri:50, instance:testCases.TC_005_ConfirmingFormDeatils@5b1669c0]" started-at="2024-02-23T11:05:00 IST" name="confirmcustomerPinCode" finished-at="2024-02-23T11:05:00 IST" duration-ms="49" status="PASS">
          <reporter-output>
          </reporter-output>
        </test-method> <!-- confirmcustomerPinCode -->
      </class> <!-- testCases.TC_005_ConfirmingFormDeatils -->
      <class name="testCases.TC_0002_BookshelvesDetails">
        <test-method signature="closePopUp()[pri:3, instance:testCases.TC_0002_BookshelvesDetails@53fe15ff]" started-at="2024-02-23T11:03:03 IST" name="closePopUp" finished-at="2024-02-23T11:03:06 IST" duration-ms="2737" status="PASS">
          <reporter-output>
          </reporter-output>
        </test-method> <!-- closePopUp -->
        <test-method signature="scrollDown()[pri:4, instance:testCases.TC_0002_BookshelvesDetails@53fe15ff]" started-at="2024-02-23T11:03:07 IST" name="scrollDown" finished-at="2024-02-23T11:03:07 IST" duration-ms="189" status="PASS">
          <reporter-output>
          </reporter-output>
        </test-method> <!-- scrollDown -->
        <test-method signature="hoverCategory()[pri:5, instance:testCases.TC_0002_BookshelvesDetails@53fe15ff]" started-at="2024-02-23T11:03:07 IST" name="hoverCategory" finished-at="2024-02-23T11:03:08 IST" duration-ms="271" status="PASS">
          <reporter-output>
          </reporter-output>
        </test-method> <!-- hoverCategory -->
        <test-method signature="bookshelveCategory()[pri:6, instance:testCases.TC_0002_BookshelvesDetails@53fe15ff]" started-at="2024-02-23T11:03:08 IST" name="bookshelveCategory" finished-at="2024-02-23T11:03:09 IST" duration-ms="965" status="PASS">
          <reporter-output>
          </reporter-output>
        </test-method> <!-- bookshelveCategory -->
        <test-method signature="hoverToPrice()[pri:7, instance:testCases.TC_0002_BookshelvesDetails@53fe15ff]" started-at="2024-02-23T11:03:10 IST" name="hoverToPrice" finished-at="2024-02-23T11:03:10 IST" duration-ms="834" status="PASS">
          <reporter-output>
          </reporter-output>
        </test-method> <!-- hoverToPrice -->
        <test-method signature="waitPriceSlider()[pri:8, instance:testCases.TC_0002_BookshelvesDetails@53fe15ff]" started-at="2024-02-23T11:03:11 IST" name="waitPriceSlider" finished-at="2024-02-23T11:03:11 IST" duration-ms="117" status="PASS">
          <reporter-output>
          </reporter-output>
        </test-method> <!-- waitPriceSlider -->
        <test-method signature="slidePriceamount()[pri:9, instance:testCases.TC_0002_BookshelvesDetails@53fe15ff]" started-at="2024-02-23T11:03:12 IST" name="slidePriceamount" finished-at="2024-02-23T11:03:20 IST" duration-ms="8727" status="PASS">
          <reporter-output>
          </reporter-output>
        </test-method> <!-- slidePriceamount -->
        <test-method signature="hoverSortBy()[pri:10, instance:testCases.TC_0002_BookshelvesDetails@53fe15ff]" started-at="2024-02-23T11:03:21 IST" name="hoverSortBy" finished-at="2024-02-23T11:03:21 IST" duration-ms="193" status="PASS">
          <reporter-output>
          </reporter-output>
        </test-method> <!-- hoverSortBy -->
        <test-method signature="sortAccToPrice()[pri:11, instance:testCases.TC_0002_BookshelvesDetails@53fe15ff]" started-at="2024-02-23T11:03:21 IST" name="sortAccToPrice" finished-at="2024-02-23T11:03:21 IST" duration-ms="151" status="PASS">
          <reporter-output>
          </reporter-output>
        </test-method> <!-- sortAccToPrice -->
        <test-method signature="inStock()[pri:12, instance:testCases.TC_0002_BookshelvesDetails@53fe15ff]" started-at="2024-02-23T11:03:22 IST" name="inStock" finished-at="2024-02-23T11:03:22 IST" duration-ms="168" status="PASS">
          <reporter-output>
          </reporter-output>
        </test-method> <!-- inStock -->
        <test-method signature="collectingBookShelvesList()[pri:13, instance:testCases.TC_0002_BookshelvesDetails@53fe15ff]" started-at="2024-02-23T11:03:22 IST" name="collectingBookShelvesList" finished-at="2024-02-23T11:04:07 IST" duration-ms="45184" status="PASS">
          <reporter-output>
          </reporter-output>
        </test-method> <!-- collectingBookShelvesList -->
        <test-method signature="displayingBookShelves()[pri:14, instance:testCases.TC_0002_BookshelvesDetails@53fe15ff]" started-at="2024-02-23T11:04:08 IST" name="displayingBookShelves" finished-at="2024-02-23T11:04:08 IST" duration-ms="4" status="PASS">
          <reporter-output>
          </reporter-output>
        </test-method> <!-- displayingBookShelves -->
      </class> <!-- testCases.TC_0002_BookshelvesDetails -->
    </test> <!-- Test -->
  </suite> <!-- Suite -->
</testng-results>
