<?xml version="1.0" encoding="UTF-8"?>
<testng-results ignored="0" total="14" passed="13" failed="1" skipped="0">
  <reporter-output>
  </reporter-output>
  <suite started-at="2024-02-20T22:52:53 IST" name="Suite" finished-at="2024-02-20T22:54:19 IST" duration-ms="86227">
    <groups>
    </groups>
    <test started-at="2024-02-20T22:52:53 IST" name="Test" finished-at="2024-02-20T22:54:19 IST" duration-ms="86227">
      <class name="testCases.DisplayBookshelves">
        <test-method is-config="true" signature="driverSetup(java.lang.String)[pri:0, instance:testCases.DisplayBookshelves@6574a52c]" started-at="2024-02-20T22:52:53 IST" name="driverSetup" finished-at="2024-02-20T22:53:01 IST" duration-ms="7552" status="PASS">
          <params>
            <param index="0">
              <value>
                <![CDATA[chrome]]>
              </value>
            </param>
          </params>
          <reporter-output>
          </reporter-output>
        </test-method> <!-- driverSetup -->
        <test-method signature="sendInSearch()[pri:1, instance:testCases.DisplayBookshelves@6574a52c]" started-at="2024-02-20T22:53:01 IST" name="sendInSearch" finished-at="2024-02-20T22:53:01 IST" duration-ms="321" status="PASS">
          <reporter-output>
          </reporter-output>
        </test-method> <!-- sendInSearch -->
        <test-method signature="clicksearch()[pri:2, instance:testCases.DisplayBookshelves@6574a52c]" started-at="2024-02-20T22:53:01 IST" name="clicksearch" finished-at="2024-02-20T22:53:03 IST" duration-ms="2365" status="PASS">
          <reporter-output>
          </reporter-output>
        </test-method> <!-- clicksearch -->
        <test-method signature="closePopUp()[pri:3, instance:testCases.DisplayBookshelves@6574a52c]" started-at="2024-02-20T22:53:03 IST" name="closePopUp" finished-at="2024-02-20T22:53:06 IST" duration-ms="2320" status="PASS">
          <reporter-output>
          </reporter-output>
        </test-method> <!-- closePopUp -->
        <test-method signature="scrollDown()[pri:4, instance:testCases.DisplayBookshelves@6574a52c]" started-at="2024-02-20T22:53:06 IST" name="scrollDown" finished-at="2024-02-20T22:53:06 IST" duration-ms="89" status="PASS">
          <reporter-output>
          </reporter-output>
        </test-method> <!-- scrollDown -->
        <test-method signature="hoverCategory()[pri:5, instance:testCases.DisplayBookshelves@6574a52c]" started-at="2024-02-20T22:53:06 IST" name="hoverCategory" finished-at="2024-02-20T22:53:06 IST" duration-ms="503" status="PASS">
          <reporter-output>
          </reporter-output>
        </test-method> <!-- hoverCategory -->
        <test-method signature="bookshelveCategory()[pri:6, instance:testCases.DisplayBookshelves@6574a52c]" started-at="2024-02-20T22:53:06 IST" name="bookshelveCategory" finished-at="2024-02-20T22:53:07 IST" duration-ms="173" status="PASS">
          <reporter-output>
          </reporter-output>
        </test-method> <!-- bookshelveCategory -->
        <test-method signature="hoverToPrice()[pri:7, instance:testCases.DisplayBookshelves@6574a52c]" started-at="2024-02-20T22:53:07 IST" name="hoverToPrice" finished-at="2024-02-20T22:53:07 IST" duration-ms="244" status="PASS">
          <reporter-output>
          </reporter-output>
        </test-method> <!-- hoverToPrice -->
        <test-method signature="waitPriceSlider()[pri:8, instance:testCases.DisplayBookshelves@6574a52c]" started-at="2024-02-20T22:53:07 IST" name="waitPriceSlider" finished-at="2024-02-20T22:53:07 IST" duration-ms="648" status="PASS">
          <reporter-output>
          </reporter-output>
        </test-method> <!-- waitPriceSlider -->
        <test-method signature="slidePriceamount()[pri:9, instance:testCases.DisplayBookshelves@6574a52c]" started-at="2024-02-20T22:53:07 IST" name="slidePriceamount" finished-at="2024-02-20T22:53:21 IST" duration-ms="13675" status="PASS">
          <reporter-output>
          </reporter-output>
        </test-method> <!-- slidePriceamount -->
        <test-method signature="hoverSortBy()[pri:10, instance:testCases.DisplayBookshelves@6574a52c]" started-at="2024-02-20T22:53:21 IST" name="hoverSortBy" finished-at="2024-02-20T22:53:21 IST" duration-ms="185" status="PASS">
          <reporter-output>
          </reporter-output>
        </test-method> <!-- hoverSortBy -->
        <test-method signature="sortAccToPrice()[pri:11, instance:testCases.DisplayBookshelves@6574a52c]" started-at="2024-02-20T22:53:21 IST" name="sortAccToPrice" finished-at="2024-02-20T22:53:21 IST" duration-ms="112" status="PASS">
          <reporter-output>
          </reporter-output>
        </test-method> <!-- sortAccToPrice -->
        <test-method signature="inStock()[pri:12, instance:testCases.DisplayBookshelves@6574a52c]" started-at="2024-02-20T22:53:21 IST" name="inStock" finished-at="2024-02-20T22:53:22 IST" duration-ms="131" status="PASS">
          <reporter-output>
          </reporter-output>
        </test-method> <!-- inStock -->
        <test-method signature="collectingBookShelvesList()[pri:13, instance:testCases.DisplayBookshelves@6574a52c]" started-at="2024-02-20T22:53:22 IST" name="collectingBookShelvesList" finished-at="2024-02-20T22:54:19 IST" duration-ms="56972" status="FAIL">
          <exception class="java.lang.ArrayIndexOutOfBoundsException">
            <message>
              <![CDATA[Index 30 out of bounds for length 30]]>
            </message>
            <full-stacktrace>
              <![CDATA[java.lang.ArrayIndexOutOfBoundsException: Index 30 out of bounds for length 30
at testCases.DisplayBookshelves.collectingBookShelvesList(DisplayBookshelves.java:95)
at java.base/jdk.internal.reflect.DirectMethodHandleAccessor.invoke(DirectMethodHandleAccessor.java:103)
at java.base/java.lang.reflect.Method.invoke(Method.java:580)
at org.testng.internal.MethodInvocationHelper.invokeMethod(MethodInvocationHelper.java:133)
at org.testng.internal.TestInvoker.invokeMethod(TestInvoker.java:598)
at org.testng.internal.TestInvoker.invokeTestMethod(TestInvoker.java:173)
at org.testng.internal.MethodRunner.runInSequence(MethodRunner.java:46)
at org.testng.internal.TestInvoker$MethodInvocationAgent.invoke(TestInvoker.java:824)
at org.testng.internal.TestInvoker.invokeTestMethods(TestInvoker.java:146)
at org.testng.internal.TestMethodWorker.invokeTestMethods(TestMethodWorker.java:146)
at org.testng.internal.TestMethodWorker.run(TestMethodWorker.java:128)
at java.base/java.util.ArrayList.forEach(ArrayList.java:1596)
at org.testng.TestRunner.privateRun(TestRunner.java:794)
at org.testng.TestRunner.run(TestRunner.java:596)
at org.testng.SuiteRunner.runTest(SuiteRunner.java:377)
at org.testng.SuiteRunner.runSequentially(SuiteRunner.java:371)
at org.testng.SuiteRunner.privateRun(SuiteRunner.java:332)
at org.testng.SuiteRunner.run(SuiteRunner.java:276)
at org.testng.SuiteRunnerWorker.runSuite(SuiteRunnerWorker.java:53)
at org.testng.SuiteRunnerWorker.run(SuiteRunnerWorker.java:96)
at org.testng.TestNG.runSuitesSequentially(TestNG.java:1212)
at org.testng.TestNG.runSuitesLocally(TestNG.java:1134)
at org.testng.TestNG.runSuites(TestNG.java:1063)
at org.testng.TestNG.run(TestNG.java:1031)
at org.testng.remote.AbstractRemoteTestNG.run(AbstractRemoteTestNG.java:115)
at org.testng.remote.RemoteTestNG.initAndRun(RemoteTestNG.java:251)
at org.testng.remote.RemoteTestNG.main(RemoteTestNG.java:77)
]]>
            </full-stacktrace>
          </exception> <!-- java.lang.ArrayIndexOutOfBoundsException -->
          <reporter-output>
          </reporter-output>
        </test-method> <!-- collectingBookShelvesList -->
        <test-method signature="displayingBookShelves()[pri:14, instance:testCases.DisplayBookshelves@6574a52c]" started-at="2024-02-20T22:54:19 IST" name="displayingBookShelves" finished-at="2024-02-20T22:54:19 IST" duration-ms="2" status="PASS">
          <reporter-output>
          </reporter-output>
        </test-method> <!-- displayingBookShelves -->
      </class> <!-- testCases.DisplayBookshelves -->
    </test> <!-- Test -->
  </suite> <!-- Suite -->
</testng-results>
